<?xml version="1.0" encoding="UTF-8"?>
<!-- Generated by org.testng.reporters.JUnitReportReporter -->
<testsuite hostname="LAPTOP-GSAAFOHU" failures="0" tests="1" name="apiProject.ReqResTest" time="2.300" errors="0" timestamp="26 Sep 2024 07:01:31 GMT" skipped="0">
  <testcase classname="apiProject.ReqResTest" name="postEmployee" time="2.300"/>
</testsuite> <!-- apiProject.ReqResTest -->
