<?xml version="1.0" encoding="UTF-8"?>
<!-- Generated by org.testng.reporters.JUnitReportReporter -->
<testsuite hostname="LAPTOP-GSAAFOHU" failures="0" tests="5" name="apiProject.EndToEndTest" time="2.654" errors="0" timestamp="22 Sep 2024 16:11:12 GMT" skipped="0">
  <testcase classname="apiProject.EndToEndTest" name="TC04_DeleteEmployee" time="0.037"/>
  <testcase classname="apiProject.EndToEndTest" name="TC05_TestDeletedEmployee" time="0.025"/>
  <testcase classname="apiProject.EndToEndTest" name="TC02_GetSingleEmployee" time="0.621"/>
  <testcase classname="apiProject.EndToEndTest" name="TC03_CreateEmployee" time="0.360"/>
  <testcase classname="apiProject.EndToEndTest" name="TC01_GetAllEmployee" time="1.611"/>
</testsuite> <!-- apiProject.EndToEndTest -->
